<?xml version="1.0" encoding="UTF-8"?>
<!-- Generated by org.testng.reporters.JUnitReportReporter -->
<testsuite hostname="DESKTOP-M7GIVC0" failures="0" tests="1" name="TestRunner.TestNGTestRunner" time="12.010" errors="0" timestamp="2023-11-07T15:22:42 IST" skipped="0">
  <testcase classname="TestRunner.TestNGTestRunner" name="runScenario" time="12.010"/>
</testsuite> <!-- TestRunner.TestNGTestRunner -->
