<?xml version="1.0" encoding="UTF-8"?>
<!-- Generated by org.testng.reporters.JUnitReportReporter -->
<testsuite hostname="DESKTOP-M7GIVC0" failures="0" tests="1" name="TestRunner.TestNGTestRunner" time="57.761" errors="0" timestamp="2023-11-07T15:29:40 IST" skipped="0">
  <testcase classname="TestRunner.TestNGTestRunner" name="runScenario" time="57.761"/>
</testsuite> <!-- TestRunner.TestNGTestRunner -->
